<?xml version="1.0" encoding="UTF-8"?>
<testng-results skipped="0" failed="0" total="1" passed="1">
  <reporter-output>
  </reporter-output>
  <suite name="mobileAppAutomation" duration-ms="41694" started-at="2016-11-07T12:35:33Z" finished-at="2016-11-07T12:36:15Z">
    <groups>
    </groups>
    <test name="MobileApplicationTesting" duration-ms="41694" started-at="2016-11-07T12:35:33Z" finished-at="2016-11-07T12:36:15Z">
      <class name="mobileAppAutomation.moneyHansMobile">
        <test-method status="PASS" signature="setUp()[pri:0, instance:mobileAppAutomation.moneyHansMobile@653222]" name="setUp" is-config="true" duration-ms="19735" started-at="2016-11-07T18:05:33Z" finished-at="2016-11-07T18:05:53Z">
          <reporter-output>
          </reporter-output>
        </test-method> <!-- setUp -->
        <test-method status="PASS" signature="mobileTest()[pri:0, instance:mobileAppAutomation.moneyHansMobile@653222]" name="mobileTest" duration-ms="19795" started-at="2016-11-07T18:05:53Z" finished-at="2016-11-07T18:06:13Z">
          <reporter-output>
          </reporter-output>
        </test-method> <!-- mobileTest -->
        <test-method status="PASS" signature="End()[pri:0, instance:mobileAppAutomation.moneyHansMobile@653222]" name="End" is-config="true" duration-ms="2132" started-at="2016-11-07T18:06:13Z" finished-at="2016-11-07T18:06:15Z">
          <reporter-output>
          </reporter-output>
        </test-method> <!-- End -->
      </class> <!-- mobileAppAutomation.moneyHansMobile -->
    </test> <!-- MobileApplicationTesting -->
  </suite> <!-- mobileAppAutomation -->
</testng-results>
