<?xml version="1.0" encoding="UTF-8"?>
<testng-results skipped="1" failed="0" total="1" passed="0">
  <reporter-output>
  </reporter-output>
  <suite name="Default suite" duration-ms="273" started-at="2016-11-06T10:57:41Z" finished-at="2016-11-06T10:57:42Z">
    <groups>
    </groups>
    <test name="Default test" duration-ms="273" started-at="2016-11-06T10:57:41Z" finished-at="2016-11-06T10:57:42Z">
      <class name="moneyHansWeb.mutiBrowser">
        <test-method status="FAIL" signature="beforeTest(java.lang.String)[pri:0, instance:moneyHansWeb.mutiBrowser@a3ffec]" name="beforeTest" is-config="true" duration-ms="0" started-at="2016-11-06T16:27:41Z" finished-at="2016-11-06T16:27:41Z">
          <exception class="org.testng.TestNGException">
            <message>
              <![CDATA[
Parameter 'browser' is required by @Configuration on method beforeTest but has not been marked @Optional or defined
in C:\Users\ASK Computers\AppData\Local\Temp\testng-eclipse--1585067365\testng-customsuite.xml]]>
            </message>
            <full-stacktrace>
              <![CDATA[org.testng.TestNGException: 
Parameter 'browser' is required by @Configuration on method beforeTest but has not been marked @Optional or defined
in C:\Users\ASK Computers\AppData\Local\Temp\testng-eclipse--1585067365\testng-customsuite.xml
	at org.testng.internal.Parameters.createParameters(Parameters.java:156)
	at org.testng.internal.Parameters.createParameters(Parameters.java:370)
	at org.testng.internal.Parameters.createConfigurationParameters(Parameters.java:86)
	at org.testng.internal.Invoker.invokeConfigurations(Invoker.java:202)
	at org.testng.internal.Invoker.invokeConfigurations(Invoker.java:143)
	at org.testng.internal.TestMethodWorker.invokeBeforeClassMethods(TestMethodWorker.java:169)
	at org.testng.internal.TestMethodWorker.run(TestMethodWorker.java:108)
	at org.testng.TestRunner.privateRun(TestRunner.java:753)
	at org.testng.TestRunner.run(TestRunner.java:607)
	at org.testng.SuiteRunner.runTest(SuiteRunner.java:368)
	at org.testng.SuiteRunner.runSequentially(SuiteRunner.java:363)
	at org.testng.SuiteRunner.privateRun(SuiteRunner.java:321)
	at org.testng.SuiteRunner.run(SuiteRunner.java:270)
	at org.testng.SuiteRunnerWorker.runSuite(SuiteRunnerWorker.java:52)
	at org.testng.SuiteRunnerWorker.run(SuiteRunnerWorker.java:86)
	at org.testng.TestNG.runSuitesSequentially(TestNG.java:1284)
	at org.testng.TestNG.runSuitesLocally(TestNG.java:1209)
	at org.testng.TestNG.runSuites(TestNG.java:1124)
	at org.testng.TestNG.run(TestNG.java:1096)
	at org.testng.remote.AbstractRemoteTestNG.run(AbstractRemoteTestNG.java:132)
	at org.testng.remote.RemoteTestNG.initAndRun(RemoteTestNG.java:236)
	at org.testng.remote.RemoteTestNG.main(RemoteTestNG.java:81)
]]>
            </full-stacktrace>
          </exception> <!-- org.testng.TestNGException -->
          <reporter-output>
          </reporter-output>
        </test-method> <!-- beforeTest -->
        <test-method status="SKIP" signature="simpleTestCase()[pri:0, instance:moneyHansWeb.mutiBrowser@a3ffec]" name="simpleTestCase" duration-ms="20" started-at="2016-11-06T16:27:42Z" finished-at="2016-11-06T16:27:42Z">
          <reporter-output>
          </reporter-output>
        </test-method> <!-- simpleTestCase -->
        <test-method status="SKIP" signature="afterClass()[pri:0, instance:moneyHansWeb.mutiBrowser@a3ffec]" name="afterClass" is-config="true" duration-ms="0" started-at="2016-11-06T16:27:42Z" finished-at="2016-11-06T16:27:42Z">
          <reporter-output>
          </reporter-output>
        </test-method> <!-- afterClass -->
      </class> <!-- moneyHansWeb.mutiBrowser -->
    </test> <!-- Default test -->
  </suite> <!-- Default suite -->
</testng-results>
